{
  "/home/syed/Documents/caw studios/angular-app/src/polyfills.ts": {
    "path": "/home/syed/Documents/caw studios/angular-app/src/polyfills.ts",
    "statementMap": {},
    "fnMap": {},
    "branchMap": {},
    "s": {},
    "f": {},
    "b": {},
    "inputSourceMap": {
      "version": 3,
      "file": "polyfills.js",
      "sourceRoot": "",
      "sources": [
        "/home/syed/Documents/caw studios/angular-app/src/polyfills.ts"
      ],
      "names": [],
      "mappings": "AAAA;;;;;;;;;;;;;;GAcG;AAEH;;GAEG;AAEH;;GAEG;AACH,oEAAoE;AAEpE;;;;GAIG;AACH,8EAA8E;AAE9E;;;;;;;;;;;;;;;;;;;;;;GAsBG;AAEH;;GAEG;AACH,OAAO,SAAS,CAAC,CAAE,6BAA6B;AAGhD;;GAEG",
      "sourcesContent": [
        "/**\n * This file includes polyfills needed by Angular and is loaded before the app.\n * You can add your own extra polyfills to this file.\n *\n * This file is divided into 2 sections:\n *   1. Browser polyfills. These are applied before loading ZoneJS and are sorted by browsers.\n *   2. Application imports. Files imported after ZoneJS that should be loaded before your main\n *      file.\n *\n * The current setup is for so-called \"evergreen\" browsers; the last versions of browsers that\n * automatically update themselves. This includes Safari >= 10, Chrome >= 55 (including Opera),\n * Edge >= 13 on the desktop, and iOS 10 and Chrome on mobile.\n *\n * Learn more in https://angular.io/guide/browser-support\n */\n\n/***************************************************************************************************\n * BROWSER POLYFILLS\n */\n\n/**\n * IE11 requires the following for NgClass support on SVG elements\n */\n// import 'classlist.js';  // Run `npm install --save classlist.js`.\n\n/**\n * Web Animations `@angular/platform-browser/animations`\n * Only required if AnimationBuilder is used within the application and using IE/Edge or Safari.\n * Standard animation support in Angular DOES NOT require any polyfills (as of Angular 6.0).\n */\n// import 'web-animations-js';  // Run `npm install --save web-animations-js`.\n\n/**\n * By default, zone.js will patch all possible macroTask and DomEvents\n * user can disable parts of macroTask/DomEvents patch by setting following flags\n * because those flags need to be set before `zone.js` being loaded, and webpack\n * will put import in the top of bundle, so user need to create a separate file\n * in this directory (for example: zone-flags.ts), and put the following flags\n * into that file, and then add the following code before importing zone.js.\n * import './zone-flags';\n *\n * The flags allowed in zone-flags.ts are listed here.\n *\n * The following flags will work for all browsers.\n *\n * (window as any).__Zone_disable_requestAnimationFrame = true; // disable patch requestAnimationFrame\n * (window as any).__Zone_disable_on_property = true; // disable patch onProperty such as onclick\n * (window as any).__zone_symbol__UNPATCHED_EVENTS = ['scroll', 'mousemove']; // disable patch specified eventNames\n *\n *  in IE/Edge developer tools, the addEventListener will also be wrapped by zone.js\n *  with the following flag, it will bypass `zone.js` patch for IE/Edge\n *\n *  (window as any).__Zone_enable_cross_context_check = true;\n *\n */\n\n/***************************************************************************************************\n * Zone JS is required by default for Angular itself.\n */\nimport 'zone.js';  // Included with Angular CLI.\n\n\n/***************************************************************************************************\n * APPLICATION IMPORTS\n */\n"
      ]
    },
    "_coverageSchema": "332fd63041d2c1bcb487cc26dd0d5f7d97098a6c",
    "hash": "9739bd72eaed4a524a7cbc948155e7a81e9fe615"
  },
  "/home/syed/Documents/caw studios/angular-app/src/app/app-routing.module.ts": {
    "path": "/home/syed/Documents/caw studios/angular-app/src/app/app-routing.module.ts",
    "statementMap": {
      "0": {
        "start": {
          "line": 4,
          "column": 15
        },
        "end": {
          "line": 4,
          "column": 17
        }
      },
      "1": {
        "start": {
          "line": 7,
          "column": 0
        },
        "end": {
          "line": 7,
          "column": 103
        }
      },
      "2": {
        "start": {
          "line": 7,
          "column": 63
        },
        "end": {
          "line": 7,
          "column": 100
        }
      },
      "3": {
        "start": {
          "line": 8,
          "column": 0
        },
        "end": {
          "line": 8,
          "column": 86
        }
      },
      "4": {
        "start": {
          "line": 9,
          "column": 0
        },
        "end": {
          "line": 9,
          "column": 119
        }
      },
      "5": {
        "start": {
          "line": 10,
          "column": 0
        },
        "end": {
          "line": 10,
          "column": 169
        }
      },
      "6": {
        "start": {
          "line": 10,
          "column": 15
        },
        "end": {
          "line": 10,
          "column": 163
        }
      }
    },
    "fnMap": {
      "0": {
        "name": "AppRoutingModule_Factory",
        "decl": {
          "start": {
            "line": 7,
            "column": 33
          },
          "end": {
            "line": 7,
            "column": 57
          }
        },
        "loc": {
          "start": {
            "line": 7,
            "column": 61
          },
          "end": {
            "line": 7,
            "column": 102
          }
        },
        "line": 7
      },
      "1": {
        "name": "(anonymous_1)",
        "decl": {
          "start": {
            "line": 10,
            "column": 1
          },
          "end": {
            "line": 10,
            "column": 2
          }
        },
        "loc": {
          "start": {
            "line": 10,
            "column": 13
          },
          "end": {
            "line": 10,
            "column": 165
          }
        },
        "line": 10
      }
    },
    "branchMap": {
      "0": {
        "loc": {
          "start": {
            "line": 7,
            "column": 75
          },
          "end": {
            "line": 7,
            "column": 96
          }
        },
        "type": "binary-expr",
        "locations": [
          {
            "start": {
              "line": 7,
              "column": 75
            },
            "end": {
              "line": 7,
              "column": 76
            }
          },
          {
            "start": {
              "line": 7,
              "column": 80
            },
            "end": {
              "line": 7,
              "column": 96
            }
          }
        ],
        "line": 7
      },
      "1": {
        "loc": {
          "start": {
            "line": 10,
            "column": 15
          },
          "end": {
            "line": 10,
            "column": 162
          }
        },
        "type": "binary-expr",
        "locations": [
          {
            "start": {
              "line": 10,
              "column": 16
            },
            "end": {
              "line": 10,
              "column": 48
            }
          },
          {
            "start": {
              "line": 10,
              "column": 52
            },
            "end": {
              "line": 10,
              "column": 61
            }
          },
          {
            "start": {
              "line": 10,
              "column": 66
            },
            "end": {
              "line": 10,
              "column": 162
            }
          }
        ],
        "line": 10
      }
    },
    "s": {
      "0": 1,
      "1": 1,
      "2": 1,
      "3": 1,
      "4": 1,
      "5": 1,
      "6": 1
    },
    "f": {
      "0": 1,
      "1": 1
    },
    "b": {
      "0": [
        1,
        1
      ],
      "1": [
        1,
        0,
        1
      ]
    },
    "inputSourceMap": {
      "version": 3,
      "file": "app-routing.module.js",
      "sourceRoot": "",
      "sources": [
        "/home/syed/Documents/caw studios/angular-app/src/app/app-routing.module.ts"
      ],
      "names": [],
      "mappings": "AACA,OAAO,EAAE,YAAY,EAAU,MAAM,iBAAiB,CAAC;;;AAEvD,MAAM,MAAM,GAAW,EAAE,CAAC;AAM1B,MAAM,OAAO,gBAAgB;;gFAAhB,gBAAgB;kEAAhB,gBAAgB;sEAHlB,CAAC,YAAY,CAAC,OAAO,CAAC,MAAM,CAAC,CAAC,EAC7B,YAAY;wFAEX,gBAAgB,0CAFjB,YAAY",
      "sourcesContent": [
        "import { NgModule } from '@angular/core';\nimport { RouterModule, Routes } from '@angular/router';\n\nconst routes: Routes = [];\n\n@NgModule({\n  imports: [RouterModule.forRoot(routes)],\n  exports: [RouterModule]\n})\nexport class AppRoutingModule { }\n"
      ]
    },
    "_coverageSchema": "332fd63041d2c1bcb487cc26dd0d5f7d97098a6c",
    "hash": "789bee24f59b76c029f4a0ae007b2623324f299c"
  },
  "/home/syed/Documents/caw studios/angular-app/src/app/app.component.ts": {
    "path": "/home/syed/Documents/caw studios/angular-app/src/app/app.component.ts",
    "statementMap": {
      "0": {
        "start": {
          "line": 4,
          "column": 49
        },
        "end": {
          "line": 8,
          "column": 1
        }
      },
      "1": {
        "start": {
          "line": 5,
          "column": 4
        },
        "end": {
          "line": 5,
          "column": 32
        }
      },
      "2": {
        "start": {
          "line": 6,
          "column": 4
        },
        "end": {
          "line": 6,
          "column": 46
        }
      },
      "3": {
        "start": {
          "line": 7,
          "column": 4
        },
        "end": {
          "line": 7,
          "column": 22
        }
      },
      "4": {
        "start": {
          "line": 9,
          "column": 49
        },
        "end": {
          "line": 13,
          "column": 1
        }
      },
      "5": {
        "start": {
          "line": 10,
          "column": 4
        },
        "end": {
          "line": 10,
          "column": 32
        }
      },
      "6": {
        "start": {
          "line": 11,
          "column": 4
        },
        "end": {
          "line": 11,
          "column": 45
        }
      },
      "7": {
        "start": {
          "line": 12,
          "column": 4
        },
        "end": {
          "line": 12,
          "column": 22
        }
      },
      "8": {
        "start": {
          "line": 14,
          "column": 49
        },
        "end": {
          "line": 18,
          "column": 1
        }
      },
      "9": {
        "start": {
          "line": 15,
          "column": 4
        },
        "end": {
          "line": 15,
          "column": 32
        }
      },
      "10": {
        "start": {
          "line": 16,
          "column": 4
        },
        "end": {
          "line": 16,
          "column": 40
        }
      },
      "11": {
        "start": {
          "line": 17,
          "column": 4
        },
        "end": {
          "line": 17,
          "column": 22
        }
      },
      "12": {
        "start": {
          "line": 19,
          "column": 49
        },
        "end": {
          "line": 23,
          "column": 1
        }
      },
      "13": {
        "start": {
          "line": 20,
          "column": 4
        },
        "end": {
          "line": 20,
          "column": 32
        }
      },
      "14": {
        "start": {
          "line": 21,
          "column": 4
        },
        "end": {
          "line": 21,
          "column": 33
        }
      },
      "15": {
        "start": {
          "line": 22,
          "column": 4
        },
        "end": {
          "line": 22,
          "column": 22
        }
      },
      "16": {
        "start": {
          "line": 24,
          "column": 49
        },
        "end": {
          "line": 28,
          "column": 1
        }
      },
      "17": {
        "start": {
          "line": 25,
          "column": 4
        },
        "end": {
          "line": 25,
          "column": 32
        }
      },
      "18": {
        "start": {
          "line": 26,
          "column": 4
        },
        "end": {
          "line": 26,
          "column": 28
        }
      },
      "19": {
        "start": {
          "line": 27,
          "column": 4
        },
        "end": {
          "line": 27,
          "column": 22
        }
      },
      "20": {
        "start": {
          "line": 29,
          "column": 49
        },
        "end": {
          "line": 33,
          "column": 1
        }
      },
      "21": {
        "start": {
          "line": 30,
          "column": 4
        },
        "end": {
          "line": 30,
          "column": 32
        }
      },
      "22": {
        "start": {
          "line": 31,
          "column": 4
        },
        "end": {
          "line": 31,
          "column": 29
        }
      },
      "23": {
        "start": {
          "line": 32,
          "column": 4
        },
        "end": {
          "line": 32,
          "column": 22
        }
      },
      "24": {
        "start": {
          "line": 36,
          "column": 8
        },
        "end": {
          "line": 36,
          "column": 35
        }
      },
      "25": {
        "start": {
          "line": 39,
          "column": 0
        },
        "end": {
          "line": 39,
          "column": 91
        }
      },
      "26": {
        "start": {
          "line": 39,
          "column": 55
        },
        "end": {
          "line": 39,
          "column": 88
        }
      },
      "27": {
        "start": {
          "line": 40,
          "column": 0
        },
        "end": {
          "line": 326,
          "column": 7275
        }
      },
      "28": {
        "start": {
          "line": 40,
          "column": 13376
        },
        "end": {
          "line": 310,
          "column": 5
        }
      },
      "29": {
        "start": {
          "line": 41,
          "column": 20
        },
        "end": {
          "line": 41,
          "column": 41
        }
      },
      "30": {
        "start": {
          "line": 42,
          "column": 8
        },
        "end": {
          "line": 42,
          "column": 39
        }
      },
      "31": {
        "start": {
          "line": 43,
          "column": 8
        },
        "end": {
          "line": 43,
          "column": 34
        }
      },
      "32": {
        "start": {
          "line": 44,
          "column": 8
        },
        "end": {
          "line": 44,
          "column": 37
        }
      },
      "33": {
        "start": {
          "line": 45,
          "column": 8
        },
        "end": {
          "line": 45,
          "column": 32
        }
      },
      "34": {
        "start": {
          "line": 46,
          "column": 8
        },
        "end": {
          "line": 46,
          "column": 26
        }
      },
      "35": {
        "start": {
          "line": 47,
          "column": 8
        },
        "end": {
          "line": 47,
          "column": 34
        }
      },
      "36": {
        "start": {
          "line": 48,
          "column": 8
        },
        "end": {
          "line": 48,
          "column": 37
        }
      },
      "37": {
        "start": {
          "line": 49,
          "column": 8
        },
        "end": {
          "line": 49,
          "column": 28
        }
      },
      "38": {
        "start": {
          "line": 50,
          "column": 8
        },
        "end": {
          "line": 50,
          "column": 39
        }
      },
      "39": {
        "start": {
          "line": 51,
          "column": 8
        },
        "end": {
          "line": 51,
          "column": 35
        }
      },
      "40": {
        "start": {
          "line": 52,
          "column": 8
        },
        "end": {
          "line": 52,
          "column": 35
        }
      },
      "41": {
        "start": {
          "line": 53,
          "column": 8
        },
        "end": {
          "line": 53,
          "column": 26
        }
      },
      "42": {
        "start": {
          "line": 54,
          "column": 8
        },
        "end": {
          "line": 54,
          "column": 26
        }
      },
      "43": {
        "start": {
          "line": 55,
          "column": 8
        },
        "end": {
          "line": 55,
          "column": 29
        }
      },
      "44": {
        "start": {
          "line": 56,
          "column": 8
        },
        "end": {
          "line": 56,
          "column": 37
        }
      },
      "45": {
        "start": {
          "line": 57,
          "column": 8
        },
        "end": {
          "line": 57,
          "column": 28
        }
      },
      "46": {
        "start": {
          "line": 58,
          "column": 8
        },
        "end": {
          "line": 58,
          "column": 40
        }
      },
      "47": {
        "start": {
          "line": 59,
          "column": 8
        },
        "end": {
          "line": 59,
          "column": 36
        }
      },
      "48": {
        "start": {
          "line": 60,
          "column": 8
        },
        "end": {
          "line": 60,
          "column": 37
        }
      },
      "49": {
        "start": {
          "line": 61,
          "column": 8
        },
        "end": {
          "line": 61,
          "column": 26
        }
      },
      "50": {
        "start": {
          "line": 62,
          "column": 8
        },
        "end": {
          "line": 62,
          "column": 26
        }
      },
      "51": {
        "start": {
          "line": 63,
          "column": 8
        },
        "end": {
          "line": 63,
          "column": 26
        }
      },
      "52": {
        "start": {
          "line": 64,
          "column": 8
        },
        "end": {
          "line": 64,
          "column": 29
        }
      },
      "53": {
        "start": {
          "line": 65,
          "column": 8
        },
        "end": {
          "line": 65,
          "column": 41
        }
      },
      "54": {
        "start": {
          "line": 66,
          "column": 8
        },
        "end": {
          "line": 66,
          "column": 41
        }
      },
      "55": {
        "start": {
          "line": 67,
          "column": 8
        },
        "end": {
          "line": 67,
          "column": 28
        }
      },
      "56": {
        "start": {
          "line": 68,
          "column": 8
        },
        "end": {
          "line": 68,
          "column": 41
        }
      },
      "57": {
        "start": {
          "line": 69,
          "column": 8
        },
        "end": {
          "line": 69,
          "column": 39
        }
      },
      "58": {
        "start": {
          "line": 70,
          "column": 8
        },
        "end": {
          "line": 70,
          "column": 37
        }
      },
      "59": {
        "start": {
          "line": 71,
          "column": 8
        },
        "end": {
          "line": 71,
          "column": 26
        }
      },
      "60": {
        "start": {
          "line": 72,
          "column": 8
        },
        "end": {
          "line": 72,
          "column": 39
        }
      },
      "61": {
        "start": {
          "line": 73,
          "column": 8
        },
        "end": {
          "line": 73,
          "column": 39
        }
      },
      "62": {
        "start": {
          "line": 74,
          "column": 8
        },
        "end": {
          "line": 74,
          "column": 39
        }
      },
      "63": {
        "start": {
          "line": 75,
          "column": 8
        },
        "end": {
          "line": 75,
          "column": 37
        }
      },
      "64": {
        "start": {
          "line": 76,
          "column": 8
        },
        "end": {
          "line": 76,
          "column": 37
        }
      },
      "65": {
        "start": {
          "line": 77,
          "column": 8
        },
        "end": {
          "line": 77,
          "column": 26
        }
      },
      "66": {
        "start": {
          "line": 78,
          "column": 8
        },
        "end": {
          "line": 78,
          "column": 26
        }
      },
      "67": {
        "start": {
          "line": 79,
          "column": 8
        },
        "end": {
          "line": 79,
          "column": 26
        }
      },
      "68": {
        "start": {
          "line": 80,
          "column": 8
        },
        "end": {
          "line": 80,
          "column": 29
        }
      },
      "69": {
        "start": {
          "line": 81,
          "column": 8
        },
        "end": {
          "line": 81,
          "column": 38
        }
      },
      "70": {
        "start": {
          "line": 82,
          "column": 8
        },
        "end": {
          "line": 82,
          "column": 22
        }
      },
      "71": {
        "start": {
          "line": 83,
          "column": 8
        },
        "end": {
          "line": 83,
          "column": 26
        }
      },
      "72": {
        "start": {
          "line": 84,
          "column": 8
        },
        "end": {
          "line": 84,
          "column": 28
        }
      },
      "73": {
        "start": {
          "line": 85,
          "column": 8
        },
        "end": {
          "line": 85,
          "column": 41
        }
      },
      "74": {
        "start": {
          "line": 86,
          "column": 8
        },
        "end": {
          "line": 86,
          "column": 39
        }
      },
      "75": {
        "start": {
          "line": 87,
          "column": 8
        },
        "end": {
          "line": 87,
          "column": 43
        }
      },
      "76": {
        "start": {
          "line": 88,
          "column": 8
        },
        "end": {
          "line": 88,
          "column": 26
        }
      },
      "77": {
        "start": {
          "line": 89,
          "column": 8
        },
        "end": {
          "line": 89,
          "column": 37
        }
      },
      "78": {
        "start": {
          "line": 90,
          "column": 8
        },
        "end": {
          "line": 90,
          "column": 26
        }
      },
      "79": {
        "start": {
          "line": 91,
          "column": 8
        },
        "end": {
          "line": 91,
          "column": 26
        }
      },
      "80": {
        "start": {
          "line": 92,
          "column": 8
        },
        "end": {
          "line": 92,
          "column": 29
        }
      },
      "81": {
        "start": {
          "line": 93,
          "column": 8
        },
        "end": {
          "line": 93,
          "column": 36
        }
      },
      "82": {
        "start": {
          "line": 94,
          "column": 8
        },
        "end": {
          "line": 94,
          "column": 35
        }
      },
      "83": {
        "start": {
          "line": 95,
          "column": 8
        },
        "end": {
          "line": 95,
          "column": 26
        }
      },
      "84": {
        "start": {
          "line": 96,
          "column": 8
        },
        "end": {
          "line": 96,
          "column": 35
        }
      },
      "85": {
        "start": {
          "line": 97,
          "column": 8
        },
        "end": {
          "line": 97,
          "column": 70
        }
      },
      "86": {
        "start": {
          "line": 98,
          "column": 8
        },
        "end": {
          "line": 98,
          "column": 26
        }
      },
      "87": {
        "start": {
          "line": 99,
          "column": 8
        },
        "end": {
          "line": 99,
          "column": 41
        }
      },
      "88": {
        "start": {
          "line": 100,
          "column": 8
        },
        "end": {
          "line": 100,
          "column": 39
        }
      },
      "89": {
        "start": {
          "line": 101,
          "column": 8
        },
        "end": {
          "line": 101,
          "column": 28
        }
      },
      "90": {
        "start": {
          "line": 102,
          "column": 8
        },
        "end": {
          "line": 102,
          "column": 41
        }
      },
      "91": {
        "start": {
          "line": 103,
          "column": 8
        },
        "end": {
          "line": 103,
          "column": 37
        }
      },
      "92": {
        "start": {
          "line": 104,
          "column": 8
        },
        "end": {
          "line": 104,
          "column": 26
        }
      },
      "93": {
        "start": {
          "line": 105,
          "column": 8
        },
        "end": {
          "line": 105,
          "column": 29
        }
      },
      "94": {
        "start": {
          "line": 106,
          "column": 8
        },
        "end": {
          "line": 106,
          "column": 38
        }
      },
      "95": {
        "start": {
          "line": 107,
          "column": 8
        },
        "end": {
          "line": 107,
          "column": 39
        }
      },
      "96": {
        "start": {
          "line": 108,
          "column": 8
        },
        "end": {
          "line": 108,
          "column": 26
        }
      },
      "97": {
        "start": {
          "line": 109,
          "column": 8
        },
        "end": {
          "line": 109,
          "column": 28
        }
      },
      "98": {
        "start": {
          "line": 110,
          "column": 8
        },
        "end": {
          "line": 110,
          "column": 41
        }
      },
      "99": {
        "start": {
          "line": 111,
          "column": 8
        },
        "end": {
          "line": 111,
          "column": 37
        }
      },
      "100": {
        "start": {
          "line": 112,
          "column": 8
        },
        "end": {
          "line": 112,
          "column": 26
        }
      },
      "101": {
        "start": {
          "line": 113,
          "column": 8
        },
        "end": {
          "line": 113,
          "column": 26
        }
      },
      "102": {
        "start": {
          "line": 114,
          "column": 8
        },
        "end": {
          "line": 114,
          "column": 29
        }
      },
      "103": {
        "start": {
          "line": 115,
          "column": 8
        },
        "end": {
          "line": 115,
          "column": 39
        }
      },
      "104": {
        "start": {
          "line": 116,
          "column": 8
        },
        "end": {
          "line": 116,
          "column": 28
        }
      },
      "105": {
        "start": {
          "line": 117,
          "column": 8
        },
        "end": {
          "line": 117,
          "column": 41
        }
      },
      "106": {
        "start": {
          "line": 118,
          "column": 8
        },
        "end": {
          "line": 118,
          "column": 37
        }
      },
      "107": {
        "start": {
          "line": 119,
          "column": 8
        },
        "end": {
          "line": 119,
          "column": 26
        }
      },
      "108": {
        "start": {
          "line": 120,
          "column": 8
        },
        "end": {
          "line": 120,
          "column": 29
        }
      },
      "109": {
        "start": {
          "line": 121,
          "column": 8
        },
        "end": {
          "line": 121,
          "column": 38
        }
      },
      "110": {
        "start": {
          "line": 122,
          "column": 8
        },
        "end": {
          "line": 122,
          "column": 43
        }
      },
      "111": {
        "start": {
          "line": 123,
          "column": 8
        },
        "end": {
          "line": 123,
          "column": 26
        }
      },
      "112": {
        "start": {
          "line": 124,
          "column": 8
        },
        "end": {
          "line": 124,
          "column": 28
        }
      },
      "113": {
        "start": {
          "line": 125,
          "column": 8
        },
        "end": {
          "line": 125,
          "column": 41
        }
      },
      "114": {
        "start": {
          "line": 126,
          "column": 8
        },
        "end": {
          "line": 126,
          "column": 37
        }
      },
      "115": {
        "start": {
          "line": 127,
          "column": 8
        },
        "end": {
          "line": 127,
          "column": 26
        }
      },
      "116": {
        "start": {
          "line": 128,
          "column": 8
        },
        "end": {
          "line": 128,
          "column": 26
        }
      },
      "117": {
        "start": {
          "line": 129,
          "column": 8
        },
        "end": {
          "line": 129,
          "column": 29
        }
      },
      "118": {
        "start": {
          "line": 130,
          "column": 8
        },
        "end": {
          "line": 130,
          "column": 39
        }
      },
      "119": {
        "start": {
          "line": 131,
          "column": 8
        },
        "end": {
          "line": 131,
          "column": 28
        }
      },
      "120": {
        "start": {
          "line": 132,
          "column": 8
        },
        "end": {
          "line": 132,
          "column": 41
        }
      },
      "121": {
        "start": {
          "line": 133,
          "column": 8
        },
        "end": {
          "line": 133,
          "column": 37
        }
      },
      "122": {
        "start": {
          "line": 134,
          "column": 8
        },
        "end": {
          "line": 134,
          "column": 26
        }
      },
      "123": {
        "start": {
          "line": 135,
          "column": 8
        },
        "end": {
          "line": 135,
          "column": 29
        }
      },
      "124": {
        "start": {
          "line": 136,
          "column": 8
        },
        "end": {
          "line": 136,
          "column": 38
        }
      },
      "125": {
        "start": {
          "line": 137,
          "column": 8
        },
        "end": {
          "line": 137,
          "column": 38
        }
      },
      "126": {
        "start": {
          "line": 138,
          "column": 8
        },
        "end": {
          "line": 138,
          "column": 26
        }
      },
      "127": {
        "start": {
          "line": 139,
          "column": 8
        },
        "end": {
          "line": 139,
          "column": 28
        }
      },
      "128": {
        "start": {
          "line": 140,
          "column": 8
        },
        "end": {
          "line": 140,
          "column": 41
        }
      },
      "129": {
        "start": {
          "line": 141,
          "column": 8
        },
        "end": {
          "line": 141,
          "column": 37
        }
      },
      "130": {
        "start": {
          "line": 142,
          "column": 8
        },
        "end": {
          "line": 142,
          "column": 26
        }
      },
      "131": {
        "start": {
          "line": 143,
          "column": 8
        },
        "end": {
          "line": 143,
          "column": 26
        }
      },
      "132": {
        "start": {
          "line": 144,
          "column": 8
        },
        "end": {
          "line": 144,
          "column": 26
        }
      },
      "133": {
        "start": {
          "line": 145,
          "column": 8
        },
        "end": {
          "line": 145,
          "column": 29
        }
      },
      "134": {
        "start": {
          "line": 146,
          "column": 8
        },
        "end": {
          "line": 146,
          "column": 36
        }
      },
      "135": {
        "start": {
          "line": 147,
          "column": 8
        },
        "end": {
          "line": 147,
          "column": 36
        }
      },
      "136": {
        "start": {
          "line": 148,
          "column": 8
        },
        "end": {
          "line": 148,
          "column": 26
        }
      },
      "137": {
        "start": {
          "line": 149,
          "column": 8
        },
        "end": {
          "line": 149,
          "column": 35
        }
      },
      "138": {
        "start": {
          "line": 150,
          "column": 8
        },
        "end": {
          "line": 150,
          "column": 68
        }
      },
      "139": {
        "start": {
          "line": 151,
          "column": 8
        },
        "end": {
          "line": 151,
          "column": 26
        }
      },
      "140": {
        "start": {
          "line": 152,
          "column": 8
        },
        "end": {
          "line": 152,
          "column": 42
        }
      },
      "141": {
        "start": {
          "line": 153,
          "column": 8
        },
        "end": {
          "line": 153,
          "column": 41
        }
      },
      "142": {
        "start": {
          "line": 154,
          "column": 8
        },
        "end": {
          "line": 154,
          "column": 41
        }
      },
      "143": {
        "start": {
          "line": 155,
          "column": 8
        },
        "end": {
          "line": 155,
          "column": 178
        }
      },
      "144": {
        "start": {
          "line": 155,
          "column": 88
        },
        "end": {
          "line": 155,
          "column": 110
        }
      },
      "145": {
        "start": {
          "line": 155,
          "column": 123
        },
        "end": {
          "line": 155,
          "column": 141
        }
      },
      "146": {
        "start": {
          "line": 155,
          "column": 143
        },
        "end": {
          "line": 155,
          "column": 174
        }
      },
      "147": {
        "start": {
          "line": 156,
          "column": 8
        },
        "end": {
          "line": 156,
          "column": 28
        }
      },
      "148": {
        "start": {
          "line": 157,
          "column": 8
        },
        "end": {
          "line": 157,
          "column": 41
        }
      },
      "149": {
        "start": {
          "line": 158,
          "column": 8
        },
        "end": {
          "line": 158,
          "column": 37
        }
      },
      "150": {
        "start": {
          "line": 159,
          "column": 8
        },
        "end": {
          "line": 159,
          "column": 26
        }
      },
      "151": {
        "start": {
          "line": 160,
          "column": 8
        },
        "end": {
          "line": 160,
          "column": 29
        }
      },
      "152": {
        "start": {
          "line": 161,
          "column": 8
        },
        "end": {
          "line": 161,
          "column": 38
        }
      },
      "153": {
        "start": {
          "line": 162,
          "column": 8
        },
        "end": {
          "line": 162,
          "column": 39
        }
      },
      "154": {
        "start": {
          "line": 163,
          "column": 8
        },
        "end": {
          "line": 163,
          "column": 26
        }
      },
      "155": {
        "start": {
          "line": 164,
          "column": 8
        },
        "end": {
          "line": 164,
          "column": 26
        }
      },
      "156": {
        "start": {
          "line": 165,
          "column": 8
        },
        "end": {
          "line": 165,
          "column": 41
        }
      },
      "157": {
        "start": {
          "line": 166,
          "column": 8
        },
        "end": {
          "line": 166,
          "column": 177
        }
      },
      "158": {
        "start": {
          "line": 166,
          "column": 88
        },
        "end": {
          "line": 166,
          "column": 110
        }
      },
      "159": {
        "start": {
          "line": 166,
          "column": 123
        },
        "end": {
          "line": 166,
          "column": 141
        }
      },
      "160": {
        "start": {
          "line": 166,
          "column": 143
        },
        "end": {
          "line": 166,
          "column": 173
        }
      },
      "161": {
        "start": {
          "line": 167,
          "column": 8
        },
        "end": {
          "line": 167,
          "column": 28
        }
      },
      "162": {
        "start": {
          "line": 168,
          "column": 8
        },
        "end": {
          "line": 168,
          "column": 41
        }
      },
      "163": {
        "start": {
          "line": 169,
          "column": 8
        },
        "end": {
          "line": 169,
          "column": 37
        }
      },
      "164": {
        "start": {
          "line": 170,
          "column": 8
        },
        "end": {
          "line": 170,
          "column": 26
        }
      },
      "165": {
        "start": {
          "line": 171,
          "column": 8
        },
        "end": {
          "line": 171,
          "column": 29
        }
      },
      "166": {
        "start": {
          "line": 172,
          "column": 8
        },
        "end": {
          "line": 172,
          "column": 38
        }
      },
      "167": {
        "start": {
          "line": 173,
          "column": 8
        },
        "end": {
          "line": 173,
          "column": 42
        }
      },
      "168": {
        "start": {
          "line": 174,
          "column": 8
        },
        "end": {
          "line": 174,
          "column": 26
        }
      },
      "169": {
        "start": {
          "line": 175,
          "column": 8
        },
        "end": {
          "line": 175,
          "column": 26
        }
      },
      "170": {
        "start": {
          "line": 176,
          "column": 8
        },
        "end": {
          "line": 176,
          "column": 41
        }
      },
      "171": {
        "start": {
          "line": 177,
          "column": 8
        },
        "end": {
          "line": 177,
          "column": 172
        }
      },
      "172": {
        "start": {
          "line": 177,
          "column": 88
        },
        "end": {
          "line": 177,
          "column": 110
        }
      },
      "173": {
        "start": {
          "line": 177,
          "column": 123
        },
        "end": {
          "line": 177,
          "column": 141
        }
      },
      "174": {
        "start": {
          "line": 177,
          "column": 143
        },
        "end": {
          "line": 177,
          "column": 168
        }
      },
      "175": {
        "start": {
          "line": 178,
          "column": 8
        },
        "end": {
          "line": 178,
          "column": 28
        }
      },
      "176": {
        "start": {
          "line": 179,
          "column": 8
        },
        "end": {
          "line": 179,
          "column": 41
        }
      },
      "177": {
        "start": {
          "line": 180,
          "column": 8
        },
        "end": {
          "line": 180,
          "column": 37
        }
      },
      "178": {
        "start": {
          "line": 181,
          "column": 8
        },
        "end": {
          "line": 181,
          "column": 26
        }
      },
      "179": {
        "start": {
          "line": 182,
          "column": 8
        },
        "end": {
          "line": 182,
          "column": 29
        }
      },
      "180": {
        "start": {
          "line": 183,
          "column": 8
        },
        "end": {
          "line": 183,
          "column": 38
        }
      },
      "181": {
        "start": {
          "line": 184,
          "column": 8
        },
        "end": {
          "line": 184,
          "column": 41
        }
      },
      "182": {
        "start": {
          "line": 185,
          "column": 8
        },
        "end": {
          "line": 185,
          "column": 26
        }
      },
      "183": {
        "start": {
          "line": 186,
          "column": 8
        },
        "end": {
          "line": 186,
          "column": 26
        }
      },
      "184": {
        "start": {
          "line": 187,
          "column": 8
        },
        "end": {
          "line": 187,
          "column": 41
        }
      },
      "185": {
        "start": {
          "line": 188,
          "column": 8
        },
        "end": {
          "line": 188,
          "column": 179
        }
      },
      "186": {
        "start": {
          "line": 188,
          "column": 88
        },
        "end": {
          "line": 188,
          "column": 110
        }
      },
      "187": {
        "start": {
          "line": 188,
          "column": 123
        },
        "end": {
          "line": 188,
          "column": 141
        }
      },
      "188": {
        "start": {
          "line": 188,
          "column": 143
        },
        "end": {
          "line": 188,
          "column": 175
        }
      },
      "189": {
        "start": {
          "line": 189,
          "column": 8
        },
        "end": {
          "line": 189,
          "column": 28
        }
      },
      "190": {
        "start": {
          "line": 190,
          "column": 8
        },
        "end": {
          "line": 190,
          "column": 41
        }
      },
      "191": {
        "start": {
          "line": 191,
          "column": 8
        },
        "end": {
          "line": 191,
          "column": 37
        }
      },
      "192": {
        "start": {
          "line": 192,
          "column": 8
        },
        "end": {
          "line": 192,
          "column": 26
        }
      },
      "193": {
        "start": {
          "line": 193,
          "column": 8
        },
        "end": {
          "line": 193,
          "column": 29
        }
      },
      "194": {
        "start": {
          "line": 194,
          "column": 8
        },
        "end": {
          "line": 194,
          "column": 38
        }
      },
      "195": {
        "start": {
          "line": 195,
          "column": 8
        },
        "end": {
          "line": 195,
          "column": 40
        }
      },
      "196": {
        "start": {
          "line": 196,
          "column": 8
        },
        "end": {
          "line": 196,
          "column": 26
        }
      },
      "197": {
        "start": {
          "line": 197,
          "column": 8
        },
        "end": {
          "line": 197,
          "column": 26
        }
      },
      "198": {
        "start": {
          "line": 198,
          "column": 8
        },
        "end": {
          "line": 198,
          "column": 41
        }
      },
      "199": {
        "start": {
          "line": 199,
          "column": 8
        },
        "end": {
          "line": 199,
          "column": 173
        }
      },
      "200": {
        "start": {
          "line": 199,
          "column": 88
        },
        "end": {
          "line": 199,
          "column": 110
        }
      },
      "201": {
        "start": {
          "line": 199,
          "column": 123
        },
        "end": {
          "line": 199,
          "column": 141
        }
      },
      "202": {
        "start": {
          "line": 199,
          "column": 143
        },
        "end": {
          "line": 199,
          "column": 169
        }
      },
      "203": {
        "start": {
          "line": 200,
          "column": 8
        },
        "end": {
          "line": 200,
          "column": 28
        }
      },
      "204": {
        "start": {
          "line": 201,
          "column": 8
        },
        "end": {
          "line": 201,
          "column": 41
        }
      },
      "205": {
        "start": {
          "line": 202,
          "column": 8
        },
        "end": {
          "line": 202,
          "column": 37
        }
      },
      "206": {
        "start": {
          "line": 203,
          "column": 8
        },
        "end": {
          "line": 203,
          "column": 26
        }
      },
      "207": {
        "start": {
          "line": 204,
          "column": 8
        },
        "end": {
          "line": 204,
          "column": 29
        }
      },
      "208": {
        "start": {
          "line": 205,
          "column": 8
        },
        "end": {
          "line": 205,
          "column": 38
        }
      },
      "209": {
        "start": {
          "line": 206,
          "column": 8
        },
        "end": {
          "line": 206,
          "column": 45
        }
      },
      "210": {
        "start": {
          "line": 207,
          "column": 8
        },
        "end": {
          "line": 207,
          "column": 26
        }
      },
      "211": {
        "start": {
          "line": 208,
          "column": 8
        },
        "end": {
          "line": 208,
          "column": 26
        }
      },
      "212": {
        "start": {
          "line": 209,
          "column": 8
        },
        "end": {
          "line": 209,
          "column": 41
        }
      },
      "213": {
        "start": {
          "line": 210,
          "column": 8
        },
        "end": {
          "line": 210,
          "column": 174
        }
      },
      "214": {
        "start": {
          "line": 210,
          "column": 88
        },
        "end": {
          "line": 210,
          "column": 110
        }
      },
      "215": {
        "start": {
          "line": 210,
          "column": 123
        },
        "end": {
          "line": 210,
          "column": 141
        }
      },
      "216": {
        "start": {
          "line": 210,
          "column": 143
        },
        "end": {
          "line": 210,
          "column": 170
        }
      },
      "217": {
        "start": {
          "line": 211,
          "column": 8
        },
        "end": {
          "line": 211,
          "column": 28
        }
      },
      "218": {
        "start": {
          "line": 212,
          "column": 8
        },
        "end": {
          "line": 212,
          "column": 41
        }
      },
      "219": {
        "start": {
          "line": 213,
          "column": 8
        },
        "end": {
          "line": 213,
          "column": 37
        }
      },
      "220": {
        "start": {
          "line": 214,
          "column": 8
        },
        "end": {
          "line": 214,
          "column": 26
        }
      },
      "221": {
        "start": {
          "line": 215,
          "column": 8
        },
        "end": {
          "line": 215,
          "column": 29
        }
      },
      "222": {
        "start": {
          "line": 216,
          "column": 8
        },
        "end": {
          "line": 216,
          "column": 38
        }
      },
      "223": {
        "start": {
          "line": 217,
          "column": 8
        },
        "end": {
          "line": 217,
          "column": 46
        }
      },
      "224": {
        "start": {
          "line": 218,
          "column": 8
        },
        "end": {
          "line": 218,
          "column": 26
        }
      },
      "225": {
        "start": {
          "line": 219,
          "column": 8
        },
        "end": {
          "line": 219,
          "column": 26
        }
      },
      "226": {
        "start": {
          "line": 220,
          "column": 8
        },
        "end": {
          "line": 220,
          "column": 26
        }
      },
      "227": {
        "start": {
          "line": 221,
          "column": 8
        },
        "end": {
          "line": 221,
          "column": 41
        }
      },
      "228": {
        "start": {
          "line": 222,
          "column": 8
        },
        "end": {
          "line": 222,
          "column": 73
        }
      },
      "229": {
        "start": {
          "line": 223,
          "column": 8
        },
        "end": {
          "line": 223,
          "column": 73
        }
      },
      "230": {
        "start": {
          "line": 224,
          "column": 8
        },
        "end": {
          "line": 224,
          "column": 73
        }
      },
      "231": {
        "start": {
          "line": 225,
          "column": 8
        },
        "end": {
          "line": 225,
          "column": 73
        }
      },
      "232": {
        "start": {
          "line": 226,
          "column": 8
        },
        "end": {
          "line": 226,
          "column": 73
        }
      },
      "233": {
        "start": {
          "line": 227,
          "column": 8
        },
        "end": {
          "line": 227,
          "column": 73
        }
      },
      "234": {
        "start": {
          "line": 228,
          "column": 8
        },
        "end": {
          "line": 228,
          "column": 26
        }
      },
      "235": {
        "start": {
          "line": 229,
          "column": 8
        },
        "end": {
          "line": 229,
          "column": 41
        }
      },
      "236": {
        "start": {
          "line": 230,
          "column": 8
        },
        "end": {
          "line": 230,
          "column": 40
        }
      },
      "237": {
        "start": {
          "line": 231,
          "column": 8
        },
        "end": {
          "line": 231,
          "column": 28
        }
      },
      "238": {
        "start": {
          "line": 232,
          "column": 8
        },
        "end": {
          "line": 232,
          "column": 42
        }
      },
      "239": {
        "start": {
          "line": 233,
          "column": 8
        },
        "end": {
          "line": 233,
          "column": 38
        }
      },
      "240": {
        "start": {
          "line": 234,
          "column": 8
        },
        "end": {
          "line": 234,
          "column": 38
        }
      },
      "241": {
        "start": {
          "line": 235,
          "column": 8
        },
        "end": {
          "line": 235,
          "column": 38
        }
      },
      "242": {
        "start": {
          "line": 236,
          "column": 8
        },
        "end": {
          "line": 236,
          "column": 38
        }
      },
      "243": {
        "start": {
          "line": 237,
          "column": 8
        },
        "end": {
          "line": 237,
          "column": 38
        }
      },
      "244": {
        "start": {
          "line": 238,
          "column": 8
        },
        "end": {
          "line": 238,
          "column": 26
        }
      },
      "245": {
        "start": {
          "line": 239,
          "column": 8
        },
        "end": {
          "line": 239,
          "column": 26
        }
      },
      "246": {
        "start": {
          "line": 240,
          "column": 8
        },
        "end": {
          "line": 240,
          "column": 29
        }
      },
      "247": {
        "start": {
          "line": 241,
          "column": 8
        },
        "end": {
          "line": 241,
          "column": 40
        }
      },
      "248": {
        "start": {
          "line": 242,
          "column": 8
        },
        "end": {
          "line": 242,
          "column": 28
        }
      },
      "249": {
        "start": {
          "line": 243,
          "column": 8
        },
        "end": {
          "line": 243,
          "column": 42
        }
      },
      "250": {
        "start": {
          "line": 244,
          "column": 8
        },
        "end": {
          "line": 244,
          "column": 40
        }
      },
      "251": {
        "start": {
          "line": 245,
          "column": 8
        },
        "end": {
          "line": 245,
          "column": 43
        }
      },
      "252": {
        "start": {
          "line": 246,
          "column": 8
        },
        "end": {
          "line": 246,
          "column": 26
        }
      },
      "253": {
        "start": {
          "line": 247,
          "column": 8
        },
        "end": {
          "line": 247,
          "column": 40
        }
      },
      "254": {
        "start": {
          "line": 248,
          "column": 8
        },
        "end": {
          "line": 248,
          "column": 38
        }
      },
      "255": {
        "start": {
          "line": 249,
          "column": 8
        },
        "end": {
          "line": 249,
          "column": 38
        }
      },
      "256": {
        "start": {
          "line": 250,
          "column": 8
        },
        "end": {
          "line": 250,
          "column": 38
        }
      },
      "257": {
        "start": {
          "line": 251,
          "column": 8
        },
        "end": {
          "line": 251,
          "column": 38
        }
      },
      "258": {
        "start": {
          "line": 252,
          "column": 8
        },
        "end": {
          "line": 252,
          "column": 38
        }
      },
      "259": {
        "start": {
          "line": 253,
          "column": 8
        },
        "end": {
          "line": 253,
          "column": 26
        }
      },
      "260": {
        "start": {
          "line": 254,
          "column": 8
        },
        "end": {
          "line": 254,
          "column": 26
        }
      },
      "261": {
        "start": {
          "line": 255,
          "column": 8
        },
        "end": {
          "line": 255,
          "column": 26
        }
      },
      "262": {
        "start": {
          "line": 256,
          "column": 8
        },
        "end": {
          "line": 256,
          "column": 29
        }
      },
      "263": {
        "start": {
          "line": 257,
          "column": 8
        },
        "end": {
          "line": 257,
          "column": 40
        }
      },
      "264": {
        "start": {
          "line": 258,
          "column": 8
        },
        "end": {
          "line": 258,
          "column": 28
        }
      },
      "265": {
        "start": {
          "line": 259,
          "column": 8
        },
        "end": {
          "line": 259,
          "column": 42
        }
      },
      "266": {
        "start": {
          "line": 260,
          "column": 8
        },
        "end": {
          "line": 260,
          "column": 40
        }
      },
      "267": {
        "start": {
          "line": 261,
          "column": 8
        },
        "end": {
          "line": 261,
          "column": 38
        }
      },
      "268": {
        "start": {
          "line": 262,
          "column": 8
        },
        "end": {
          "line": 262,
          "column": 26
        }
      },
      "269": {
        "start": {
          "line": 263,
          "column": 8
        },
        "end": {
          "line": 263,
          "column": 38
        }
      },
      "270": {
        "start": {
          "line": 264,
          "column": 8
        },
        "end": {
          "line": 264,
          "column": 26
        }
      },
      "271": {
        "start": {
          "line": 265,
          "column": 8
        },
        "end": {
          "line": 265,
          "column": 26
        }
      },
      "272": {
        "start": {
          "line": 266,
          "column": 8
        },
        "end": {
          "line": 266,
          "column": 29
        }
      },
      "273": {
        "start": {
          "line": 267,
          "column": 8
        },
        "end": {
          "line": 267,
          "column": 40
        }
      },
      "274": {
        "start": {
          "line": 268,
          "column": 8
        },
        "end": {
          "line": 268,
          "column": 28
        }
      },
      "275": {
        "start": {
          "line": 269,
          "column": 8
        },
        "end": {
          "line": 269,
          "column": 42
        }
      },
      "276": {
        "start": {
          "line": 270,
          "column": 8
        },
        "end": {
          "line": 270,
          "column": 40
        }
      },
      "277": {
        "start": {
          "line": 271,
          "column": 8
        },
        "end": {
          "line": 271,
          "column": 39
        }
      },
      "278": {
        "start": {
          "line": 272,
          "column": 8
        },
        "end": {
          "line": 272,
          "column": 26
        }
      },
      "279": {
        "start": {
          "line": 273,
          "column": 8
        },
        "end": {
          "line": 273,
          "column": 38
        }
      },
      "280": {
        "start": {
          "line": 274,
          "column": 8
        },
        "end": {
          "line": 274,
          "column": 38
        }
      },
      "281": {
        "start": {
          "line": 275,
          "column": 8
        },
        "end": {
          "line": 275,
          "column": 26
        }
      },
      "282": {
        "start": {
          "line": 276,
          "column": 8
        },
        "end": {
          "line": 276,
          "column": 26
        }
      },
      "283": {
        "start": {
          "line": 277,
          "column": 8
        },
        "end": {
          "line": 277,
          "column": 26
        }
      },
      "284": {
        "start": {
          "line": 278,
          "column": 8
        },
        "end": {
          "line": 278,
          "column": 29
        }
      },
      "285": {
        "start": {
          "line": 279,
          "column": 8
        },
        "end": {
          "line": 279,
          "column": 41
        }
      },
      "286": {
        "start": {
          "line": 280,
          "column": 8
        },
        "end": {
          "line": 280,
          "column": 48
        }
      },
      "287": {
        "start": {
          "line": 281,
          "column": 8
        },
        "end": {
          "line": 281,
          "column": 40
        }
      },
      "288": {
        "start": {
          "line": 282,
          "column": 8
        },
        "end": {
          "line": 282,
          "column": 50
        }
      },
      "289": {
        "start": {
          "line": 283,
          "column": 8
        },
        "end": {
          "line": 283,
          "column": 42
        }
      },
      "290": {
        "start": {
          "line": 284,
          "column": 8
        },
        "end": {
          "line": 284,
          "column": 28
        }
      },
      "291": {
        "start": {
          "line": 285,
          "column": 8
        },
        "end": {
          "line": 285,
          "column": 42
        }
      },
      "292": {
        "start": {
          "line": 286,
          "column": 8
        },
        "end": {
          "line": 286,
          "column": 38
        }
      },
      "293": {
        "start": {
          "line": 287,
          "column": 8
        },
        "end": {
          "line": 287,
          "column": 38
        }
      },
      "294": {
        "start": {
          "line": 288,
          "column": 8
        },
        "end": {
          "line": 288,
          "column": 26
        }
      },
      "295": {
        "start": {
          "line": 289,
          "column": 8
        },
        "end": {
          "line": 289,
          "column": 33
        }
      },
      "296": {
        "start": {
          "line": 290,
          "column": 8
        },
        "end": {
          "line": 290,
          "column": 26
        }
      },
      "297": {
        "start": {
          "line": 291,
          "column": 8
        },
        "end": {
          "line": 291,
          "column": 26
        }
      },
      "298": {
        "start": {
          "line": 292,
          "column": 8
        },
        "end": {
          "line": 292,
          "column": 29
        }
      },
      "299": {
        "start": {
          "line": 293,
          "column": 8
        },
        "end": {
          "line": 293,
          "column": 40
        }
      },
      "300": {
        "start": {
          "line": 294,
          "column": 8
        },
        "end": {
          "line": 294,
          "column": 28
        }
      },
      "301": {
        "start": {
          "line": 295,
          "column": 8
        },
        "end": {
          "line": 295,
          "column": 42
        }
      },
      "302": {
        "start": {
          "line": 296,
          "column": 8
        },
        "end": {
          "line": 296,
          "column": 38
        }
      },
      "303": {
        "start": {
          "line": 297,
          "column": 8
        },
        "end": {
          "line": 297,
          "column": 38
        }
      },
      "304": {
        "start": {
          "line": 298,
          "column": 8
        },
        "end": {
          "line": 298,
          "column": 26
        }
      },
      "305": {
        "start": {
          "line": 299,
          "column": 8
        },
        "end": {
          "line": 299,
          "column": 26
        }
      },
      "306": {
        "start": {
          "line": 300,
          "column": 8
        },
        "end": {
          "line": 300,
          "column": 26
        }
      },
      "307": {
        "start": {
          "line": 301,
          "column": 8
        },
        "end": {
          "line": 301,
          "column": 42
        }
      },
      "308": {
        "start": {
          "line": 302,
          "column": 8
        },
        "end": {
          "line": 302,
          "column": 40
        }
      },
      "309": {
        "start": {
          "line": 303,
          "column": 8
        },
        "end": {
          "line": 303,
          "column": 49
        }
      },
      "310": {
        "start": {
          "line": 304,
          "column": 8
        },
        "end": {
          "line": 304,
          "column": 26
        }
      },
      "311": {
        "start": {
          "line": 305,
          "column": 8
        },
        "end": {
          "line": 305,
          "column": 38
        }
      },
      "312": {
        "start": {
          "line": 306,
          "column": 8
        },
        "end": {
          "line": 306,
          "column": 26
        }
      },
      "313": {
        "start": {
          "line": 307,
          "column": 8
        },
        "end": {
          "line": 307,
          "column": 26
        }
      },
      "314": {
        "start": {
          "line": 308,
          "column": 8
        },
        "end": {
          "line": 308,
          "column": 29
        }
      },
      "315": {
        "start": {
          "line": 309,
          "column": 8
        },
        "end": {
          "line": 309,
          "column": 43
        }
      },
      "316": {
        "start": {
          "line": 310,
          "column": 6
        },
        "end": {
          "line": 326,
          "column": 5
        }
      },
      "317": {
        "start": {
          "line": 311,
          "column": 20
        },
        "end": {
          "line": 311,
          "column": 38
        }
      },
      "318": {
        "start": {
          "line": 312,
          "column": 8
        },
        "end": {
          "line": 312,
          "column": 25
        }
      },
      "319": {
        "start": {
          "line": 313,
          "column": 8
        },
        "end": {
          "line": 313,
          "column": 65
        }
      },
      "320": {
        "start": {
          "line": 314,
          "column": 8
        },
        "end": {
          "line": 314,
          "column": 25
        }
      },
      "321": {
        "start": {
          "line": 315,
          "column": 8
        },
        "end": {
          "line": 315,
          "column": 45
        }
      },
      "322": {
        "start": {
          "line": 316,
          "column": 8
        },
        "end": {
          "line": 316,
          "column": 24
        }
      },
      "323": {
        "start": {
          "line": 317,
          "column": 8
        },
        "end": {
          "line": 317,
          "column": 50
        }
      },
      "324": {
        "start": {
          "line": 318,
          "column": 8
        },
        "end": {
          "line": 318,
          "column": 24
        }
      },
      "325": {
        "start": {
          "line": 319,
          "column": 8
        },
        "end": {
          "line": 319,
          "column": 45
        }
      },
      "326": {
        "start": {
          "line": 320,
          "column": 8
        },
        "end": {
          "line": 320,
          "column": 24
        }
      },
      "327": {
        "start": {
          "line": 321,
          "column": 8
        },
        "end": {
          "line": 321,
          "column": 52
        }
      },
      "328": {
        "start": {
          "line": 322,
          "column": 8
        },
        "end": {
          "line": 322,
          "column": 24
        }
      },
      "329": {
        "start": {
          "line": 323,
          "column": 8
        },
        "end": {
          "line": 323,
          "column": 46
        }
      },
      "330": {
        "start": {
          "line": 324,
          "column": 8
        },
        "end": {
          "line": 324,
          "column": 24
        }
      },
      "331": {
        "start": {
          "line": 325,
          "column": 8
        },
        "end": {
          "line": 325,
          "column": 47
        }
      }
    },
    "fnMap": {
      "0": {
        "name": "AppComponent_pre_93_Template",
        "decl": {
          "start": {
            "line": 4,
            "column": 9
          },
          "end": {
            "line": 4,
            "column": 37
          }
        },
        "loc": {
          "start": {
            "line": 4,
            "column": 47
          },
          "end": {
            "line": 8,
            "column": 3
          }
        },
        "line": 4
      },
      "1": {
        "name": "AppComponent_pre_94_Template",
        "decl": {
          "start": {
            "line": 9,
            "column": 9
          },
          "end": {
            "line": 9,
            "column": 37
          }
        },
        "loc": {
          "start": {
            "line": 9,
            "column": 47
          },
          "end": {
            "line": 13,
            "column": 3
          }
        },
        "line": 9
      },
      "2": {
        "name": "AppComponent_pre_95_Template",
        "decl": {
          "start": {
            "line": 14,
            "column": 9
          },
          "end": {
            "line": 14,
            "column": 37
          }
        },
        "loc": {
          "start": {
            "line": 14,
            "column": 47
          },
          "end": {
            "line": 18,
            "column": 3
          }
        },
        "line": 14
      },
      "3": {
        "name": "AppComponent_pre_96_Template",
        "decl": {
          "start": {
            "line": 19,
            "column": 9
          },
          "end": {
            "line": 19,
            "column": 37
          }
        },
        "loc": {
          "start": {
            "line": 19,
            "column": 47
          },
          "end": {
            "line": 23,
            "column": 3
          }
        },
        "line": 19
      },
      "4": {
        "name": "AppComponent_pre_97_Template",
        "decl": {
          "start": {
            "line": 24,
            "column": 9
          },
          "end": {
            "line": 24,
            "column": 37
          }
        },
        "loc": {
          "start": {
            "line": 24,
            "column": 47
          },
          "end": {
            "line": 28,
            "column": 3
          }
        },
        "line": 24
      },
      "5": {
        "name": "AppComponent_pre_98_Template",
        "decl": {
          "start": {
            "line": 29,
            "column": 9
          },
          "end": {
            "line": 29,
            "column": 37
          }
        },
        "loc": {
          "start": {
            "line": 29,
            "column": 47
          },
          "end": {
            "line": 33,
            "column": 3
          }
        },
        "line": 29
      },
      "6": {
        "name": "(anonymous_6)",
        "decl": {
          "start": {
            "line": 35,
            "column": 4
          },
          "end": {
            "line": 35,
            "column": 5
          }
        },
        "loc": {
          "start": {
            "line": 35,
            "column": 18
          },
          "end": {
            "line": 37,
            "column": 5
          }
        },
        "line": 35
      },
      "7": {
        "name": "AppComponent_Factory",
        "decl": {
          "start": {
            "line": 39,
            "column": 29
          },
          "end": {
            "line": 39,
            "column": 49
          }
        },
        "loc": {
          "start": {
            "line": 39,
            "column": 53
          },
          "end": {
            "line": 39,
            "column": 90
          }
        },
        "line": 39
      },
      "8": {
        "name": "AppComponent_Template",
        "decl": {
          "start": {
            "line": 40,
            "column": 13343
          },
          "end": {
            "line": 40,
            "column": 13364
          }
        },
        "loc": {
          "start": {
            "line": 40,
            "column": 13374
          },
          "end": {
            "line": 326,
            "column": 7
          }
        },
        "line": 40
      },
      "9": {
        "name": "AppComponent_Template_div_click_62_listener",
        "decl": {
          "start": {
            "line": 155,
            "column": 40
          },
          "end": {
            "line": 155,
            "column": 83
          }
        },
        "loc": {
          "start": {
            "line": 155,
            "column": 86
          },
          "end": {
            "line": 155,
            "column": 176
          }
        },
        "line": 155
      },
      "10": {
        "name": "AppComponent_Template_div_click_67_listener",
        "decl": {
          "start": {
            "line": 166,
            "column": 40
          },
          "end": {
            "line": 166,
            "column": 83
          }
        },
        "loc": {
          "start": {
            "line": 166,
            "column": 86
          },
          "end": {
            "line": 166,
            "column": 175
          }
        },
        "line": 166
      },
      "11": {
        "name": "AppComponent_Template_div_click_72_listener",
        "decl": {
          "start": {
            "line": 177,
            "column": 40
          },
          "end": {
            "line": 177,
            "column": 83
          }
        },
        "loc": {
          "start": {
            "line": 177,
            "column": 86
          },
          "end": {
            "line": 177,
            "column": 170
          }
        },
        "line": 177
      },
      "12": {
        "name": "AppComponent_Template_div_click_77_listener",
        "decl": {
          "start": {
            "line": 188,
            "column": 40
          },
          "end": {
            "line": 188,
            "column": 83
          }
        },
        "loc": {
          "start": {
            "line": 188,
            "column": 86
          },
          "end": {
            "line": 188,
            "column": 177
          }
        },
        "line": 188
      },
      "13": {
        "name": "AppComponent_Template_div_click_82_listener",
        "decl": {
          "start": {
            "line": 199,
            "column": 40
          },
          "end": {
            "line": 199,
            "column": 83
          }
        },
        "loc": {
          "start": {
            "line": 199,
            "column": 86
          },
          "end": {
            "line": 199,
            "column": 171
          }
        },
        "line": 199
      },
      "14": {
        "name": "AppComponent_Template_div_click_87_listener",
        "decl": {
          "start": {
            "line": 210,
            "column": 40
          },
          "end": {
            "line": 210,
            "column": 83
          }
        },
        "loc": {
          "start": {
            "line": 210,
            "column": 86
          },
          "end": {
            "line": 210,
            "column": 172
          }
        },
        "line": 210
      }
    },
    "branchMap": {
      "0": {
        "loc": {
          "start": {
            "line": 4,
            "column": 49
          },
          "end": {
            "line": 8,
            "column": 1
          }
        },
        "type": "if",
        "locations": [
          {
            "start": {
              "line": 4,
              "column": 49
            },
            "end": {
              "line": 8,
              "column": 1
            }
          },
          {
            "start": {
              "line": 4,
              "column": 49
            },
            "end": {
              "line": 8,
              "column": 1
            }
          }
        ],
        "line": 4
      },
      "1": {
        "loc": {
          "start": {
            "line": 9,
            "column": 49
          },
          "end": {
            "line": 13,
            "column": 1
          }
        },
        "type": "if",
        "locations": [
          {
            "start": {
              "line": 9,
              "column": 49
            },
            "end": {
              "line": 13,
              "column": 1
            }
          },
          {
            "start": {
              "line": 9,
              "column": 49
            },
            "end": {
              "line": 13,
              "column": 1
            }
          }
        ],
        "line": 9
      },
      "2": {
        "loc": {
          "start": {
            "line": 14,
            "column": 49
          },
          "end": {
            "line": 18,
            "column": 1
          }
        },
        "type": "if",
        "locations": [
          {
            "start": {
              "line": 14,
              "column": 49
            },
            "end": {
              "line": 18,
              "column": 1
            }
          },
          {
            "start": {
              "line": 14,
              "column": 49
            },
            "end": {
              "line": 18,
              "column": 1
            }
          }
        ],
        "line": 14
      },
      "3": {
        "loc": {
          "start": {
            "line": 19,
            "column": 49
          },
          "end": {
            "line": 23,
            "column": 1
          }
        },
        "type": "if",
        "locations": [
          {
            "start": {
              "line": 19,
              "column": 49
            },
            "end": {
              "line": 23,
              "column": 1
            }
          },
          {
            "start": {
              "line": 19,
              "column": 49
            },
            "end": {
              "line": 23,
              "column": 1
            }
          }
        ],
        "line": 19
      },
      "4": {
        "loc": {
          "start": {
            "line": 24,
            "column": 49
          },
          "end": {
            "line": 28,
            "column": 1
          }
        },
        "type": "if",
        "locations": [
          {
            "start": {
              "line": 24,
              "column": 49
            },
            "end": {
              "line": 28,
              "column": 1
            }
          },
          {
            "start": {
              "line": 24,
              "column": 49
            },
            "end": {
              "line": 28,
              "column": 1
            }
          }
        ],
        "line": 24
      },
      "5": {
        "loc": {
          "start": {
            "line": 29,
            "column": 49
          },
          "end": {
            "line": 33,
            "column": 1
          }
        },
        "type": "if",
        "locations": [
          {
            "start": {
              "line": 29,
              "column": 49
            },
            "end": {
              "line": 33,
              "column": 1
            }
          },
          {
            "start": {
              "line": 29,
              "column": 49
            },
            "end": {
              "line": 33,
              "column": 1
            }
          }
        ],
        "line": 29
      },
      "6": {
        "loc": {
          "start": {
            "line": 39,
            "column": 67
          },
          "end": {
            "line": 39,
            "column": 84
          }
        },
        "type": "binary-expr",
        "locations": [
          {
            "start": {
              "line": 39,
              "column": 67
            },
            "end": {
              "line": 39,
              "column": 68
            }
          },
          {
            "start": {
              "line": 39,
              "column": 72
            },
            "end": {
              "line": 39,
              "column": 84
            }
          }
        ],
        "line": 39
      },
      "7": {
        "loc": {
          "start": {
            "line": 40,
            "column": 13376
          },
          "end": {
            "line": 310,
            "column": 5
          }
        },
        "type": "if",
        "locations": [
          {
            "start": {
              "line": 40,
              "column": 13376
            },
            "end": {
              "line": 310,
              "column": 5
            }
          },
          {
            "start": {
              "line": 40,
              "column": 13376
            },
            "end": {
              "line": 310,
              "column": 5
            }
          }
        ],
        "line": 40
      },
      "8": {
        "loc": {
          "start": {
            "line": 310,
            "column": 6
          },
          "end": {
            "line": 326,
            "column": 5
          }
        },
        "type": "if",
        "locations": [
          {
            "start": {
              "line": 310,
              "column": 6
            },
            "end": {
              "line": 326,
              "column": 5
            }
          },
          {
            "start": {
              "line": 310,
              "column": 6
            },
            "end": {
              "line": 326,
              "column": 5
            }
          }
        ],
        "line": 310
      }
    },
    "s": {
      "0": 5,
      "1": 1,
      "2": 1,
      "3": 1,
      "4": 0,
      "5": 0,
      "6": 0,
      "7": 0,
      "8": 0,
      "9": 0,
      "10": 0,
      "11": 0,
      "12": 0,
      "13": 0,
      "14": 0,
      "15": 0,
      "16": 0,
      "17": 0,
      "18": 0,
      "19": 0,
      "20": 0,
      "21": 0,
      "22": 0,
      "23": 0,
      "24": 1,
      "25": 1,
      "26": 1,
      "27": 1,
      "28": 5,
      "29": 1,
      "30": 1,
      "31": 1,
      "32": 1,
      "33": 1,
      "34": 1,
      "35": 1,
      "36": 1,
      "37": 1,
      "38": 1,
      "39": 1,
      "40": 1,
      "41": 1,
[...]
inks -->\n  <div class=\"card-container\">\n    <a class=\"circle-link\" title=\"Animations\" href=\"https://angular.io/guide/animations\" target=\"_blank\" rel=\"noopener\">\n      <svg id=\"Group_20\" data-name=\"Group 20\" xmlns=\"http://www.w3.org/2000/svg\" width=\"21.813\" height=\"23.453\" viewBox=\"0 0 21.813 23.453\">\n        <path id=\"Path_15\" data-name=\"Path 15\" d=\"M4099.584,972.736h0l-10.882,3.9,1.637,14.4,9.245,5.153,9.245-5.153,1.686-14.4Z\" transform=\"translate(-4088.702 -972.736)\" fill=\"#ffa726\"/>\n        <path id=\"Path_16\" data-name=\"Path 16\" d=\"M4181.516,972.736v23.453l9.245-5.153,1.686-14.4Z\" transform=\"translate(-4170.633 -972.736)\" fill=\"#fb8c00\"/>\n        <path id=\"Path_17\" data-name=\"Path 17\" d=\"M4137.529,1076.127l-7.7-3.723,4.417-2.721,7.753,3.723Z\" transform=\"translate(-4125.003 -1058.315)\" fill=\"#ffe0b2\"/>\n        <path id=\"Path_18\" data-name=\"Path 18\" d=\"M4137.529,1051.705l-7.7-3.723,4.417-2.721,7.753,3.723Z\" transform=\"translate(-4125.003 -1036.757)\" fill=\"#fff3e0\"/>\n        <path id=\"Path_19\" data-name=\"Path 19\" d=\"M4137.529,1027.283l-7.7-3.723,4.417-2.721,7.753,3.723Z\" transform=\"translate(-4125.003 -1015.199)\" fill=\"#fff\"/>\n      </svg>\n    </a>\n\n    <a class=\"circle-link\" title=\"CLI\" href=\"https://cli.angular.io/\" target=\"_blank\" rel=\"noopener\">\n      <svg xmlns=\"http://www.w3.org/2000/svg\" width=\"21.762\" height=\"23.447\" viewBox=\"0 0 21.762 23.447\">\n        <title>Angular CLI Logo</title>\n        <g id=\"Group_21\" data-name=\"Group 21\" transform=\"translate(0)\">\n          <path id=\"Path_20\" data-name=\"Path 20\" d=\"M2660.313,313.618h0l-10.833,3.9,1.637,14.4,9.2,5.152,9.244-5.152,1.685-14.4Z\" transform=\"translate(-2649.48 -313.618)\" fill=\"#37474f\"/>\n          <path id=\"Path_21\" data-name=\"Path 21\" d=\"M2741.883,313.618v23.447l9.244-5.152,1.685-14.4Z\" transform=\"translate(-2731.05 -313.618)\" fill=\"#263238\"/>\n          <path id=\"Path_22\" data-name=\"Path 22\" d=\"M2692.293,379.169h11.724V368.618h-11.724Zm11.159-.6h-10.608v-9.345h10.621v9.345Z\" transform=\"translate(-2687.274 -362.17)\" fill=\"#fff\"/>\n          <path id=\"Path_23\" data-name=\"Path 23\" d=\"M2709.331,393.688l.4.416,2.265-2.28-2.294-2.294-.4.4,1.893,1.893Z\" transform=\"translate(-2702.289 -380.631)\" fill=\"#fff\"/>\n          <rect id=\"Rectangle_12\" data-name=\"Rectangle 12\" width=\"3.517\" height=\"0.469\" transform=\"translate(9.709 13.744)\" fill=\"#fff\"/>\n        </g>\n      </svg>\n    </a>\n\n    <a class=\"circle-link\" title=\"Find a Local Meetup\" href=\"https://www.meetup.com/find/?keywords=angular\" target=\"_blank\" rel=\"noopener\">\n      <svg xmlns=\"http://www.w3.org/2000/svg\" width=\"24.607\" height=\"23.447\" viewBox=\"0 0 24.607 23.447\">\n        <title>Meetup Logo</title>\n        <path id=\"logo--mSwarm\" d=\"M21.221,14.95A4.393,4.393,0,0,1,17.6,19.281a4.452,4.452,0,0,1-.8.069c-.09,0-.125.035-.154.117a2.939,2.939,0,0,1-2.506,2.091,2.868,2.868,0,0,1-2.248-.624.168.168,0,0,0-.245-.005,3.926,3.926,0,0,1-2.589.741,4.015,4.015,0,0,1-3.7-3.347,2.7,2.7,0,0,1-.043-.38c0-.106-.042-.146-.143-.166a3.524,3.524,0,0,1-1.516-.69A3.623,3.623,0,0,1,2.23,14.557a3.66,3.66,0,0,1,1.077-3.085.138.138,0,0,0,.026-.2,3.348,3.348,0,0,1-.451-1.821,3.46,3.46,0,0,1,2.749-3.28.44.44,0,0,0,.355-.281,5.072,5.072,0,0,1,3.863-3,5.028,5.028,0,0,1,3.555.666.31.31,0,0,0,.271.03A4.5,4.5,0,0,1,18.3,4.7a4.4,4.4,0,0,1,1.334,2.751,3.658,3.658,0,0,1,.022.706.131.131,0,0,0,.1.157,2.432,2.432,0,0,1,1.574,1.645,2.464,2.464,0,0,1-.7,2.616c-.065.064-.051.1-.014.166A4.321,4.321,0,0,1,21.221,14.95ZM13.4,14.607a2.09,2.09,0,0,0,1.409,1.982,4.7,4.7,0,0,0,1.275.221,1.807,1.807,0,0,0,.9-.151.542.542,0,0,0,.321-.545.558.558,0,0,0-.359-.534,1.2,1.2,0,0,0-.254-.078c-.262-.047-.526-.086-.787-.138a.674.674,0,0,1-.617-.75,3.394,3.394,0,0,1,.218-1.109c.217-.658.509-1.286.79-1.918a15.609,15.609,0,0,0,.745-1.86,1.95,1.95,0,0,0,.06-1.073,1.286,1.286,0,0,0-1.051-1.033,1.977,1.977,0,0,0-1.521.2.339.339,0,0,1-.446-.042c-.1-.092-.2-.189-.307-.284a1.214,1.214,0,0,0-1.643-.061,7.563,7.563,0,0,1-.614.512A.588.588,0,0,1,10.883,8c-.215-.115-.437-.215-.659-.316a2.153,2.153,0,0,0-.695-.248A2.091,2.091,0,0,0,7.541,8.562a9.915,9.915,0,0,0-.405.986c-.559,1.545-1.015,3.123-1.487,4.7a1.528,1.528,0,0,0,.634,1.777,1.755,1.755,0,0,0,1.5.211,1.35,1.35,0,0,0,.824-.858c.543-1.281,1.032-2.584,1.55-3.875.142-.355.28-.712.432-1.064a.548.548,0,0,1,.851-.24.622.622,0,0,1,.185.539,2.161,2.161,0,0,1-.181.621c-.337.852-.68,1.7-1.018,2.552a2.564,2.564,0,0,0-.173.528.624.624,0,0,0,.333.71,1.073,1.073,0,0,0,.814.034,1.22,1.22,0,0,0,.657-.655q.758-1.488,1.511-2.978.35-.687.709-1.37a1.073,1.073,0,0,1,.357-.434.43.43,0,0,1,.463-.016.373.373,0,0,1,.153.387.7.7,0,0,1-.057.236c-.065.157-.127.316-.2.469-.42.883-.846,1.763-1.262,2.648A2.463,2.463,0,0,0,13.4,14.607Zm5.888,6.508a1.09,1.09,0,0,0-2.179.006,1.09,1.09,0,0,0,2.179-.006ZM1.028,12.139a1.038,1.038,0,1,0,.01-2.075,1.038,1.038,0,0,0-.01,2.075ZM13.782.528a1.027,1.027,0,1,0-.011,2.055A1.027,1.027,0,0,0,13.782.528ZM22.21,6.95a.882.882,0,0,0-1.763.011A.882.882,0,0,0,22.21,6.95ZM4.153,4.439a.785.785,0,1,0,.787-.78A.766.766,0,0,0,4.153,4.439Zm8.221,18.22a.676.676,0,1,0-.677.666A.671.671,0,0,0,12.374,22.658ZM22.872,12.2a.674.674,0,0,0-.665.665.656.656,0,0,0,.655.643.634.634,0,0,0,.655-.644A.654.654,0,0,0,22.872,12.2ZM7.171-.123A.546.546,0,0,0,6.613.43a.553.553,0,1,0,1.106,0A.539.539,0,0,0,7.171-.123ZM24.119,9.234a.507.507,0,0,0-.493.488.494.494,0,0,0,.494.494.48.48,0,0,0,.487-.483A.491.491,0,0,0,24.119,9.234Zm-19.454,9.7a.5.5,0,0,0-.488-.488.491.491,0,0,0-.487.5.483.483,0,0,0,.491.479A.49.49,0,0,0,4.665,18.936Z\" transform=\"translate(0 0.123)\" fill=\"#f64060\"/>\n      </svg>\n    </a>\n\n    <a class=\"circle-link\" title=\"Join the Conversation on Discord\" href=\"https://discord.gg/angular\" target=\"_blank\" rel=\"noopener\">\n      <svg xmlns=\"http://www.w3.org/2000/svg\" width=\"26\" height=\"26\" viewBox=\"0 0 245 240\">\n        <title>Discord Logo</title>\n        <path d=\"M104.4 103.9c-5.7 0-10.2 5-10.2 11.1s4.6 11.1 10.2 11.1c5.7 0 10.2-5 10.2-11.1.1-6.1-4.5-11.1-10.2-11.1zM140.9 103.9c-5.7 0-10.2 5-10.2 11.1s4.6 11.1 10.2 11.1c5.7 0 10.2-5 10.2-11.1s-4.5-11.1-10.2-11.1z\"/>\n        <path d=\"M189.5 20h-134C44.2 20 35 29.2 35 40.6v135.2c0 11.4 9.2 20.6 20.5 20.6h113.4l-5.3-18.5 12.8 11.9 12.1 11.2 21.5 19V40.6c0-11.4-9.2-20.6-20.5-20.6zm-38.6 130.6s-3.6-4.3-6.6-8.1c13.1-3.7 18.1-11.9 18.1-11.9-4.1 2.7-8 4.6-11.5 5.9-5 2.1-9.8 3.5-14.5 4.3-9.6 1.8-18.4 1.3-25.9-.1-5.7-1.1-10.6-2.7-14.7-4.3-2.3-.9-4.8-2-7.3-3.4-.3-.2-.6-.3-.9-.5-.2-.1-.3-.2-.4-.3-1.8-1-2.8-1.7-2.8-1.7s4.8 8 17.5 11.8c-3 3.8-6.7 8.3-6.7 8.3-22.1-.7-30.5-15.2-30.5-15.2 0-32.2 14.4-58.3 14.4-58.3 14.4-10.8 28.1-10.5 28.1-10.5l1 1.2c-18 5.2-26.3 13.1-26.3 13.1s2.2-1.2 5.9-2.9c10.7-4.7 19.2-6 22.7-6.3.6-.1 1.1-.2 1.7-.2 6.1-.8 13-1 20.2-.2 9.5 1.1 19.7 3.9 30.1 9.6 0 0-7.9-7.5-24.9-12.7l1.4-1.6s13.7-.3 28.1 10.5c0 0 14.4 26.1 14.4 58.3 0 0-8.5 14.5-30.6 15.2z\"/>\n      </svg>\n    </a>\n  </div>\n\n  <!-- Footer -->\n  <footer>\n      Love Angular?&nbsp;\n      <a href=\"https://github.com/angular/angular\" target=\"_blank\" rel=\"noopener\"> Give our repo a star.\n        <div class=\"github-star-badge\">\n            <svg class=\"material-icons\" xmlns=\"http://www.w3.org/2000/svg\" width=\"24\" height=\"24\" viewBox=\"0 0 24 24\"><path d=\"M0 0h24v24H0z\" fill=\"none\"/><path d=\"M12 17.27L18.18 21l-1.64-7.03L22 9.24l-7.19-.61L12 2 9.19 8.63 2 9.24l5.46 4.73L5.82 21z\"/></svg>\n          Star\n        </div>\n      </a>\n      <a href=\"https://github.com/angular/angular\" target=\"_blank\" rel=\"noopener\">\n        <svg class=\"material-icons\" xmlns=\"http://www.w3.org/2000/svg\" width=\"24\" height=\"24\" viewBox=\"0 0 24 24\"><path d=\"M10 6L8.59 7.41 13.17 12l-4.58 4.59L10 18l6-6z\" fill=\"#1976d2\"/><path d=\"M0 0h24v24H0z\" fill=\"none\"/></svg>\n      </a>\n  </footer>\n\n  <svg id=\"clouds\" xmlns=\"http://www.w3.org/2000/svg\" width=\"2611.084\" height=\"485.677\" viewBox=\"0 0 2611.084 485.677\">\n    <title>Gray Clouds Background</title>\n    <path id=\"Path_39\" data-name=\"Path 39\" d=\"M2379.709,863.793c10-93-77-171-168-149-52-114-225-105-264,15-75,3-140,59-152,133-30,2.83-66.725,9.829-93.5,26.25-26.771-16.421-63.5-23.42-93.5-26.25-12-74-77-130-152-133-39-120-212-129-264-15-54.084-13.075-106.753,9.173-138.488,48.9-31.734-39.726-84.4-61.974-138.487-48.9-52-114-225-105-264,15a162.027,162.027,0,0,0-103.147,43.044c-30.633-45.365-87.1-72.091-145.206-58.044-52-114-225-105-264,15-75,3-140,59-152,133-53,5-127,23-130,83-2,42,35,72,70,86,49,20,106,18,157,5a165.625,165.625,0,0,0,120,0c47,94,178,113,251,33,61.112,8.015,113.854-5.72,150.492-29.764a165.62,165.62,0,0,0,110.861-3.236c47,94,178,113,251,33,31.385,4.116,60.563,2.495,86.487-3.311,25.924,5.806,55.1,7.427,86.488,3.311,73,80,204,61,251-33a165.625,165.625,0,0,0,120,0c51,13,108,15,157-5a147.188,147.188,0,0,0,33.5-18.694,147.217,147.217,0,0,0,33.5,18.694c49,20,106,18,157,5a165.625,165.625,0,0,0,120,0c47,94,178,113,251,33C2446.709,1093.793,2554.709,922.793,2379.709,863.793Z\" transform=\"translate(142.69 -634.312)\" fill=\"#eee\"/>\n  </svg>\n\n</div>\n\n<!-- * * * * * * * * * * * * * * * * * * * * * * * * * * * * * * * -->\n<!-- * * * * * * * * * * * The content above * * * * * * * * * * * -->\n<!-- * * * * * * * * * * is only a placeholder * * * * * * * * * * -->\n<!-- * * * * * * * * * * and can be replaced. * * * * * * * * * * * -->\n<!-- * * * * * * * * * * * * * * * * * * * * * * * * * * * * * * * -->\n<!-- * * * * * * * * * * End of Placeholder * * * * * * * * * * * -->\n<!-- * * * * * * * * * * * * * * * * * * * * * * * * * * * * * * * -->\n\n<router-outlet></router-outlet>\n"
      ]
    },
    "_coverageSchema": "332fd63041d2c1bcb487cc26dd0d5f7d97098a6c",
    "hash": "1f054ac4671d74c3fd0bd26e305e0b625d702cad"
  },
  "/home/syed/Documents/caw studios/angular-app/src/app/app.module.ts": {
    "path": "/home/syed/Documents/caw studios/angular-app/src/app/app.module.ts",
    "statementMap": {
      "0": {
        "start": {
          "line": 7,
          "column": 0
        },
        "end": {
          "line": 7,
          "column": 82
        }
      },
      "1": {
        "start": {
          "line": 7,
          "column": 49
        },
        "end": {
          "line": 7,
          "column": 79
        }
      },
      "2": {
        "start": {
          "line": 8,
          "column": 0
        },
        "end": {
          "line": 8,
          "column": 99
        }
      },
      "3": {
        "start": {
          "line": 9,
          "column": 0
        },
        "end": {
          "line": 12,
          "column": 14
        }
      },
      "4": {
        "start": {
          "line": 13,
          "column": 0
        },
        "end": {
          "line": 14,
          "column": 35
        }
      },
      "5": {
        "start": {
          "line": 13,
          "column": 15
        },
        "end": {
          "line": 14,
          "column": 29
        }
      }
    },
    "fnMap": {
      "0": {
        "name": "AppModule_Factory",
        "decl": {
          "start": {
            "line": 7,
            "column": 26
          },
          "end": {
            "line": 7,
            "column": 43
          }
        },
        "loc": {
          "start": {
            "line": 7,
            "column": 47
          },
          "end": {
            "line": 7,
            "column": 81
          }
        },
        "line": 7
      },
      "1": {
        "name": "(anonymous_1)",
        "decl": {
          "start": {
            "line": 13,
            "column": 1
          },
          "end": {
            "line": 13,
            "column": 2
          }
        },
        "loc": {
          "start": {
            "line": 13,
            "column": 13
          },
          "end": {
            "line": 14,
            "column": 31
          }
        },
        "line": 13
      }
    },
    "branchMap": {
      "0": {
        "loc": {
          "start": {
            "line": 7,
            "column": 61
          },
          "end": {
            "line": 7,
            "column": 75
          }
        },
        "type": "binary-expr",
        "locations": [
          {
            "start": {
              "line": 7,
              "column": 61
            },
            "end": {
              "line": 7,
              "column": 62
            }
          },
          {
            "start": {
              "line": 7,
              "column": 66
            },
            "end": {
              "line": 7,
              "column": 75
            }
          }
        ],
        "line": 7
      },
      "1": {
        "loc": {
          "start": {
            "line": 13,
            "column": 15
          },
          "end": {
            "line": 14,
            "column": 28
          }
        },
        "type": "binary-expr",
        "locations": [
          {
            "start": {
              "line": 13,
              "column": 16
            },
            "end": {
              "line": 13,
              "column": 48
            }
          },
          {
            "start": {
              "line": 13,
              "column": 52
            },
            "end": {
              "line": 13,
              "column": 61
            }
          },
          {
            "start": {
              "line": 13,
              "column": 66
            },
            "end": {
              "line": 14,
              "column": 28
            }
          }
        ],
        "line": 13
      }
    },
    "s": {
      "0": 1,
      "1": 1,
      "2": 1,
      "3": 1,
      "4": 1,
      "5": 1
    },
    "f": {
      "0": 1,
      "1": 1
    },
    "b": {
      "0": [
        1,
        1
      ],
      "1": [
        1,
        0,
        1
      ]
    },
    "inputSourceMap": {
      "version": 3,
      "file": "app.module.js",
      "sourceRoot": "",
      "sources": [
        "/home/syed/Documents/caw studios/angular-app/src/app/app.module.ts"
      ],
      "names": [],
      "mappings": "AACA,OAAO,EAAE,aAAa,EAAE,MAAM,2BAA2B,CAAC;AAE1D,OAAO,EAAE,gBAAgB,EAAE,MAAM,sBAAsB,CAAC;AACxD,OAAO,EAAE,YAAY,EAAE,MAAM,iBAAiB,CAAC;;AAa/C,MAAM,OAAO,SAAS;;kEAAT,SAAS;2DAAT,SAAS,cAFR,YAAY;gEADb,EAAE,YAJJ;YACP,aAAa;YACb,gBAAgB;SACjB;wFAIU,SAAS,mBATlB,YAAY,aAGZ,aAAa;QACb,gBAAgB",
      "sourcesContent": [
        "import { NgModule } from '@angular/core';\nimport { BrowserModule } from '@angular/platform-browser';\n\nimport { AppRoutingModule } from './app-routing.module';\nimport { AppComponent } from './app.component';\n\n@NgModule({\n  declarations: [\n    AppComponent\n  ],\n  imports: [\n    BrowserModule,\n    AppRoutingModule\n  ],\n  providers: [],\n  bootstrap: [AppComponent]\n})\nexport class AppModule { }\n"
      ]
    },
    "_coverageSchema": "332fd63041d2c1bcb487cc26dd0d5f7d97098a6c",
    "hash": "e539ea236b5a153109284023589ecf8e8623fcfb"
  },
  "/home/syed/Documents/caw studios/angular-app/src/environments/environment.ts": {
    "path": "/home/syed/Documents/caw studios/angular-app/src/environments/environment.ts",
    "statementMap": {
      "0": {
        "start": {
          "line": 4,
          "column": 27
        },
        "end": {
          "line": 6,
          "column": 1
        }
      }
    },
    "fnMap": {},
    "branchMap": {},
    "s": {
      "0": 1
    },
    "f": {},
    "b": {},
    "inputSourceMap": {
      "version": 3,
      "file": "environment.js",
      "sourceRoot": "",
      "sources": [
        "/home/syed/Documents/caw studios/angular-app/src/environments/environment.ts"
      ],
      "names": [],
      "mappings": "AAAA,gFAAgF;AAChF,mEAAmE;AACnE,gEAAgE;AAEhE,MAAM,CAAC,MAAM,WAAW,GAAG;IACzB,UAAU,EAAE,KAAK;CAClB,CAAC;AAEF;;;;;;GAMG;AACH,sEAAsE",
      "sourcesContent": [
        "// This file can be replaced during build by using the `fileReplacements` array.\n// `ng build` replaces `environment.ts` with `environment.prod.ts`.\n// The list of file replacements can be found in `angular.json`.\n\nexport const environment = {\n  production: false\n};\n\n/*\n * For easier debugging in development mode, you can import the following file\n * to ignore zone related error stack frames such as `zone.run`, `zoneDelegate.invokeTask`.\n *\n * This import should be commented out in production mode because it will have a negative impact\n * on performance if an error is thrown.\n */\n// import 'zone.js/plugins/zone-error';  // Included with Angular CLI.\n"
      ]
    },
    "_coverageSchema": "332fd63041d2c1bcb487cc26dd0d5f7d97098a6c",
    "hash": "29d5c168f9c5638625480c86218e6e01c56bff7b"
  },
  "/home/syed/Documents/caw studios/angular-app/src/main.ts": {
    "path": "/home/syed/Documents/caw studios/angular-app/src/main.ts",
    "statementMap": {
      "0": {
        "start": {
          "line": 5,
          "column": 0
        },
        "end": {
          "line": 7,
          "column": 1
        }
      },
      "1": {
        "start": {
          "line": 6,
          "column": 4
        },
        "end": {
          "line": 6,
          "column": 21
        }
      },
      "2": {
        "start": {
          "line": 8,
          "column": 0
        },
        "end": {
          "line": 9,
          "column": 38
        }
      },
      "3": {
        "start": {
          "line": 9,
          "column": 18
        },
        "end": {
          "line": 9,
          "column": 36
        }
      }
    },
    "fnMap": {
      "0": {
        "name": "(anonymous_0)",
        "decl": {
          "start": {
            "line": 9,
            "column": 11
          },
          "end": {
            "line": 9,
            "column": 12
          }
        },
        "loc": {
          "start": {
            "line": 9,
            "column": 18
          },
          "end": {
            "line": 9,
            "column": 36
          }
        },
        "line": 9
      }
    },
    "branchMap": {
      "0": {
        "loc": {
          "start": {
            "line": 5,
            "column": 0
          },
          "end": {
            "line": 7,
            "column": 1
          }
        },
        "type": "if",
        "locations": [
          {
            "start": {
              "line": 5,
              "column": 0
            },
            "end": {
              "line": 7,
              "column": 1
            }
          },
          {
            "start": {
              "line": 5,
              "column": 0
            },
            "end": {
              "line": 7,
              "column": 1
            }
          }
        ],
        "line": 5
      }
    },
    "s": {
      "0": 1,
      "1": 0,
      "2": 1,
      "3": 0
    },
    "f": {
      "0": 0
    },
    "b": {
      "0": [
        0,
        1
      ]
    },
    "inputSourceMap": {
      "version": 3,
      "file": "main.js",
      "sourceRoot": "",
      "sources": [
        "/home/syed/Documents/caw studios/angular-app/src/main.ts"
      ],
      "names": [],
      "mappings": ";AAAA,OAAO,EAAE,cAAc,EAAE,MAAM,eAAe,CAAC;AAG/C,OAAO,EAAE,SAAS,EAAE,MAAM,kBAAkB,CAAC;AAC7C,OAAO,EAAE,WAAW,EAAE,MAAM,4BAA4B,CAAC;AAEzD,IAAI,WAAW,CAAC,UAAU,EAAE;IAC1B,cAAc,EAAE,CAAC;CAClB;AAED,qCAAwB,CAAC,eAAe,CAAC,SAAS,CAAC;KAChD,KAAK,CAAC,GAAG,CAAC,EAAE,CAAC,OAAO,CAAC,KAAK,CAAC,GAAG,CAAC,CAAC,CAAC",
      "sourcesContent": [
        "import { enableProdMode } from '@angular/core';\nimport { platformBrowserDynamic } from '@angular/platform-browser-dynamic';\n\nimport { AppModule } from './app/app.module';\nimport { environment } from './environments/environment';\n\nif (environment.production) {\n  enableProdMode();\n}\n\nplatformBrowserDynamic().bootstrapModule(AppModule)\n  .catch(err => console.error(err));\n"
      ]
    },
    "_coverageSchema": "332fd63041d2c1bcb487cc26dd0d5f7d97098a6c",
    "hash": "6798b54d20320bdba74d013b5823947736c95b5b"
  }
}